file /home/binhn/ln/nsc/SConstruct,line 154:
	Configure(confdir = .sconf_temp)
scons: Configure: Checking target architecure...
scons: Configure: (cached) amd64, checking userland ...
.sconf_temp/conftest_0.c <-
  |int main(void)
  |{return 0;}
  |
gcc -o .sconf_temp/conftest_0.o -c .sconf_temp/conftest_0.c
scons: Configure: amd64

scons: Configure: Checking for C library fl... 
.sconf_temp/conftest_1.c <-
  |
  |
  |
  |int
  |main() {
  |  
  |return 0;
  |}
  |
gcc -o .sconf_temp/conftest_1.o -c .sconf_temp/conftest_1.c
gcc -o .sconf_temp/conftest_1 .sconf_temp/conftest_1.o -lfl
scons: Configure: yes


