# project ns (3-dev) configured on Thu Oct  3 13:00:11 2013 by
# waf 1.7.10 (abi 98, python 20703f0 on darwin)
# using ./waf configure
#
----------------------------------------
Setting top to
/Users/binh/Documents/ln
----------------------------------------
Setting out to
/Users/binh/Documents/ln/build
----------------------------------------
Checking for 'gcc' (c compiler)
find program=['gcc', 'cc'] paths=['/usr/bin', '/bin', '/usr/sbin', '/sbin', '/usr/local/bin', '/opt/X11/bin', '/usr/texbin'] var='CC' -> '/usr/bin/gcc'
find program=['ar'] paths=['/usr/bin', '/bin', '/usr/sbin', '/sbin', '/usr/local/bin', '/opt/X11/bin', '/usr/texbin'] var='AR' -> '/usr/bin/ar'
/usr/bin/gcc
----------------------------------------
Checking for 'g++' (c++ compiler)
find program=['g++', 'c++'] paths=['/usr/bin', '/bin', '/usr/sbin', '/sbin', '/usr/local/bin', '/opt/X11/bin', '/usr/texbin'] var='CXX' -> '/usr/bin/g++'
(tool ar is already loaded, skipping)
/usr/bin/g++
----------------------------------------
Checking for program python
/usr/bin/python
find program=['python'] paths=['/usr/bin', '/bin', '/usr/sbin', '/sbin', '/usr/local/bin', '/opt/X11/bin', '/usr/texbin'] var='PYTHON' -> '/usr/bin/python'
['/usr/bin/python', '-c', 'import sys\nfor x in sys.version_info: print(str(x))']
out: 2
7
3
final
0

['/usr/bin/python', '-c', "from distutils.sysconfig import get_config_var, get_python_lib\n\nprint(repr(get_python_lib(standard_lib=0, prefix='/usr/local') or ''))"]
out: '/usr/local/lib/python2.7/site-packages'

'/usr/local/lib/python2.7/site-packages'

['/usr/bin/python', '-c', "from distutils.sysconfig import get_config_var, get_python_lib\n\nprint(repr(get_python_lib(plat_specific=1, standard_lib=0, prefix='/usr/local') or ''))"]
out: '/usr/local/lib/python2.7/site-packages'

'/usr/local/lib/python2.7/site-packages'

----------------------------------------
Checking for python version
(2, 7, 3, 'final', 0)
['/usr/bin/python', '-c', "from distutils.sysconfig import get_config_var, get_python_lib\n\nprint(repr(get_config_var('prefix') or ''))\nprint(repr(get_config_var('SO') or ''))\nprint(repr(get_config_var('LDFLAGS') or ''))\nprint(repr(get_config_var('LIBDIR') or ''))\nprint(repr(get_config_var('LIBPL') or ''))\nprint(repr(get_config_var('INCLUDEPY') or ''))\nprint(repr(get_config_var('Py_ENABLE_SHARED') or ''))\nprint(repr(get_config_var('MACOSX_DEPLOYMENT_TARGET') or ''))\nprint(repr(get_config_var('LDSHARED') or ''))\nprint(repr(get_config_var('CFLAGS') or ''))"]
out: '/Applications/Canopy.app/appdata/canopy-1.0.3.1262.macosx-x86_64/Canopy.app/Contents'
'.so'
'-g -arch x86_64  -L/tmp/_py/libraries/Applications/Canopy.app/appdata/canopy-1.0.3.1262.macosx-x86_64/Canopy.app/Contents/lib -headerpad_max_install_names'
'/Applications/Canopy.app/appdata/canopy-1.0.3.1262.macosx-x86_64/Canopy.app/Contents/lib'
'/Applications/Canopy.app/appdata/canopy-1.0.3.1262.macosx-x86_64/Canopy.app/Contents/lib/python2.7/config'
'/Applications/Canopy.app/appdata/canopy-1.0.3.1262.macosx-x86_64/Canopy.app/Contents/include/python2.7'
''
'10.6'
'gcc -bundle -undefined dynamic_lookup -g -arch x86_64  -L/tmp/_py/libraries/Applications/Canopy.app/appdata/canopy-1.0.3.1262.macosx-x86_64/Canopy.app/Contents/lib -headerpad_max_install_names'
'-fno-strict-aliasing -fno-common -dynamic -arch x86_64  -DNDEBUG -g -O3  -arch x86_64  '

'/Applications/Canopy.app/appdata/canopy-1.0.3.1262.macosx-x86_64/Canopy.app/Contents'
'.so'
'-g -arch x86_64  -L/tmp/_py/libraries/Applications/Canopy.app/appdata/canopy-1.0.3.1262.macosx-x86_64/Canopy.app/Contents/lib -headerpad_max_install_names'
'/Applications/Canopy.app/appdata/canopy-1.0.3.1262.macosx-x86_64/Canopy.app/Contents/lib'
'/Applications/Canopy.app/appdata/canopy-1.0.3.1262.macosx-x86_64/Canopy.app/Contents/lib/python2.7/config'
'/Applications/Canopy.app/appdata/canopy-1.0.3.1262.macosx-x86_64/Canopy.app/Contents/include/python2.7'
''
'10.6'
'gcc -bundle -undefined dynamic_lookup -g -arch x86_64  -L/tmp/_py/libraries/Applications/Canopy.app/appdata/canopy-1.0.3.1262.macosx-x86_64/Canopy.app/Contents/lib -headerpad_max_install_names'
'-fno-strict-aliasing -fno-common -dynamic -arch x86_64  -DNDEBUG -g -O3  -arch x86_64  '

Configuration returned from ['/usr/bin/python']:
"prefix = '/Applications/Canopy.app/appdata/canopy-1.0.3.1262.macosx-x86_64/Canopy.app/Contents'\nSO = '.so'\nLDFLAGS = '-g -arch x86_64  -L/tmp/_py/libraries/Applications/Canopy.app/appdata/canopy-1.0.3.1262.macosx-x86_64/Canopy.app/Contents/lib -headerpad_max_install_names'\nLIBDIR = '/Applications/Canopy.app/appdata/canopy-1.0.3.1262.macosx-x86_64/Canopy.app/Contents/lib'\nLIBPL = '/Applications/Canopy.app/appdata/canopy-1.0.3.1262.macosx-x86_64/Canopy.app/Contents/lib/python2.7/config'\nINCLUDEPY = '/Applications/Canopy.app/appdata/canopy-1.0.3.1262.macosx-x86_64/Canopy.app/Contents/include/python2.7'\nPy_ENABLE_SHARED = ''\nMACOSX_DEPLOYMENT_TARGET = '10.6'\nLDSHARED = 'gcc -bundle -undefined dynamic_lookup -g -arch x86_64  -L/tmp/_py/libraries/Applications/Canopy.app/appdata/canopy-1.0.3.1262.macosx-x86_64/Canopy.app/Contents/lib -headerpad_max_install_names'\nCFLAGS = '-fno-strict-aliasing -fno-common -dynamic -arch x86_64  -DNDEBUG -g -O3  -arch x86_64  '"



# Trying default LIBPATH_PYEMBED: ['/tmp/_py/libraries/Applications/Canopy.app/appdata/canopy-1.0.3.1262.macosx-x86_64/Canopy.app/Contents/lib']

-------------------------------------------------
Checking for library python2.7 in LIBPATH_PYEMBED
==>

int main(int argc, char **argv) {
	(void)argc; (void)argv;
	return 0;
}

<==
[1/2] [32mcxx: build/.conf_check_b230530015bd58972ca3fa41dbd1f106/test.cpp -> build/.conf_check_b230530015bd58972ca3fa41dbd1f106/testbuild/test.cpp.1.o
[0m
['/usr/bin/g++', '-O0', '-ggdb', '-g3', '-Wall', '-Werror', '-arch', 'x86_64', '-fno-strict-aliasing', '-fno-common', '-dynamic', '-arch', 'x86_64', '-arch', 'x86_64', '-DNS3_ASSERT_ENABLE', '-DNS3_LOG_ENABLE', '-DPYTHONDIR="/usr/local/lib/python2.7/site-packages"', '-DPYTHONARCHDIR="/usr/local/lib/python2.7/site-packages"', '-DNDEBUG', '../test.cpp', '-c', '-o', 'test.cpp.1.o']
[2/2] [33mcxxprogram: build/.conf_check_b230530015bd58972ca3fa41dbd1f106/testbuild/test.cpp.1.o -> build/.conf_check_b230530015bd58972ca3fa41dbd1f106/testbuild/testprog
[0m
['/usr/bin/g++', '-arch', 'x86_64', '-arch', 'x86_64', '-arch', 'x86_64', 'test.cpp.1.o', '-o', '/Users/binh/Documents/ln/build/.conf_check_b230530015bd58972ca3fa41dbd1f106/testbuild/testprog', '-L/tmp/_py/libraries/Applications/Canopy.app/appdata/canopy-1.0.3.1262.macosx-x86_64/Canopy.app/Contents/lib', '-L/tmp/_py/libraries/Applications/Canopy.app/appdata/canopy-1.0.3.1262.macosx-x86_64/Canopy.app/Contents/lib', '-lpython2.7']
err: ld: warning: directory not found for option '-L/tmp/_py/libraries/Applications/Canopy.app/appdata/canopy-1.0.3.1262.macosx-x86_64/Canopy.app/Contents/lib'
ld: warning: directory not found for option '-L/tmp/_py/libraries/Applications/Canopy.app/appdata/canopy-1.0.3.1262.macosx-x86_64/Canopy.app/Contents/lib'

yes
------------------------------------------------------------------------------------------------
Checking for program /usr/bin/python-config,python2.7-config,python-config-2.7,python2.7m-config
/usr/bin/python-config
find program=['/usr/bin/python-config', 'python2.7-config', 'python-config-2.7', 'python2.7m-config'] paths=['/usr/bin', '/bin', '/usr/sbin', '/sbin', '/usr/local/bin', '/opt/X11/bin', '/usr/texbin'] var='PYTHON_CONFIG' -> '/usr/bin/python-config'
['/usr/bin/python-config', '--includes']
err: Traceback (most recent call last):
  File "/usr/bin/python-config", line 26, in <module>
    pyver = sysconfig.get_config_var('VERSION')
  File "/System/Library/Frameworks/Python.framework/Versions/2.7/lib/python2.7/distutils/sysconfig.py", line 585, in get_config_var
    return get_config_vars().get(name)
  File "/System/Library/Frameworks/Python.framework/Versions/2.7/lib/python2.7/distutils/sysconfig.py", line 498, in get_config_vars
    func()
  File "/System/Library/Frameworks/Python.framework/Versions/2.7/lib/python2.7/distutils/sysconfig.py", line 407, in _init_posix
    raise DistutilsPlatformError(my_msg)
distutils.errors.DistutilsPlatformError: $MACOSX_DEPLOYMENT_TARGET mismatch: now "10.6" but "10.8" during configure

